<?xml version="1.0" encoding="UTF-8"?>
<testng-results ignored="0" total="2" passed="2" failed="0" skipped="0">
  <reporter-output>
  </reporter-output>
  <suite started-at="2024-12-27T17:56:21 IST" name="Default suite" finished-at="2024-12-27T17:56:28 IST" duration-ms="7056">
    <groups>
    </groups>
    <test started-at="2024-12-27T17:56:21 IST" name="Default test" finished-at="2024-12-27T17:56:28 IST" duration-ms="7056">
      <class name="api.test.UserTest">
        <test-method is-config="true" signature="setupData()[pri:0, instance:api.test.UserTest@3bd82cf5]" started-at="2024-12-27T17:56:21 IST" name="setupData" finished-at="2024-12-27T17:56:22 IST" duration-ms="404" status="PASS">
          <reporter-output>
          </reporter-output>
        </test-method> <!-- setupData -->
        <test-method signature="testPostUser()[pri:1, instance:api.test.UserTest@3bd82cf5]" started-at="2024-12-27T17:56:22 IST" name="testPostUser" finished-at="2024-12-27T17:56:27 IST" duration-ms="5325" status="PASS">
          <reporter-output>
          </reporter-output>
        </test-method> <!-- testPostUser -->
        <test-method signature="testGetUser()[pri:2, instance:api.test.UserTest@3bd82cf5]" started-at="2024-12-27T17:56:27 IST" name="testGetUser" finished-at="2024-12-27T17:56:28 IST" duration-ms="1236" status="PASS">
          <reporter-output>
          </reporter-output>
        </test-method> <!-- testGetUser -->
      </class> <!-- api.test.UserTest -->
    </test> <!-- Default test -->
  </suite> <!-- Default suite -->
</testng-results>
